C:\USERS\MILO\DESKTOP\CG\NEHE TUTORIALS\LESSON31-LOADING MILKSHAPE MODEL\LESSON31\DEBUG\LESSON31.OBJ
C:\USERS\MILO\DESKTOP\CG\NEHE TUTORIALS\LESSON31-LOADING MILKSHAPE MODEL\LESSON31\DEBUG\MODEL.OBJ
C:\USERS\MILO\DESKTOP\CG\NEHE TUTORIALS\LESSON31-LOADING MILKSHAPE MODEL\LESSON31\DEBUG\VC110.PDB
C:\USERS\MILO\DESKTOP\CG\NEHE TUTORIALS\LESSON31-LOADING MILKSHAPE MODEL\LESSON31\DEBUG\MILKSHAPEMODEL.OBJ
C:\USERS\MILO\DESKTOP\CG\NEHE TUTORIALS\LESSON31-LOADING MILKSHAPE MODEL\LESSON31\DEBUG\LESSON31.ILK
C:\USERS\MILO\DESKTOP\CG\NEHE TUTORIALS\LESSON31-LOADING MILKSHAPE MODEL\LESSON31\DEBUG\LESSON31.EXE
C:\USERS\MILO\DESKTOP\CG\NEHE TUTORIALS\LESSON31-LOADING MILKSHAPE MODEL\LESSON31\DEBUG\LESSON31.PDB
C:\Users\milo\Desktop\CG\nehe tutorials\lesson31-loading milkshape model\Lesson31\Debug\Lesson31.obj
C:\Users\milo\Desktop\CG\nehe tutorials\lesson31-loading milkshape model\Lesson31\Debug\MilkshapeModel.obj
C:\Users\milo\Desktop\CG\nehe tutorials\lesson31-loading milkshape model\Lesson31\Debug\Model.obj
C:\Users\milo\Desktop\CG\nehe tutorials\lesson31-loading milkshape model\Lesson31\Debug\Lesson31.ilk
C:\Users\milo\Desktop\CG\nehe tutorials\lesson31-loading milkshape model\Lesson31\Debug\cl.command.1.tlog
C:\Users\milo\Desktop\CG\nehe tutorials\lesson31-loading milkshape model\Lesson31\Debug\CL.read.1.tlog
C:\Users\milo\Desktop\CG\nehe tutorials\lesson31-loading milkshape model\Lesson31\Debug\CL.write.1.tlog
C:\Users\milo\Desktop\CG\nehe tutorials\lesson31-loading milkshape model\Lesson31\Debug\link-cvtres.read.1.tlog
C:\Users\milo\Desktop\CG\nehe tutorials\lesson31-loading milkshape model\Lesson31\Debug\link-cvtres.write.1.tlog
C:\Users\milo\Desktop\CG\nehe tutorials\lesson31-loading milkshape model\Lesson31\Debug\link-rc.read.1.tlog
C:\Users\milo\Desktop\CG\nehe tutorials\lesson31-loading milkshape model\Lesson31\Debug\link-rc.write.1.tlog
C:\Users\milo\Desktop\CG\nehe tutorials\lesson31-loading milkshape model\Lesson31\Debug\link.command.1.tlog
C:\Users\milo\Desktop\CG\nehe tutorials\lesson31-loading milkshape model\Lesson31\Debug\link.read.1.tlog
C:\Users\milo\Desktop\CG\nehe tutorials\lesson31-loading milkshape model\Lesson31\Debug\link.write.1.tlog
C:\Users\milo\Desktop\CG\nehe tutorials\lesson31-loading milkshape model\Lesson31\Debug\vc110.idb
C:\Users\milo\Desktop\CG\nehe tutorials\lesson31-loading milkshape model\Lesson31\Debug\Lesson31.pdb
C:\Users\milo\Desktop\CG\nehe tutorials\lesson31-loading milkshape model\Lesson31\Debug\vc110.pdb
C:\Users\milo\Desktop\CG\nehe tutorials\lesson31-loading milkshape model\Lesson31\.\Debug\Lesson31.exe
