C:\USERS\AMILA\DOCUMENTS\GITHUB\PRJ-CG-GRATTA\DEBUG\MAIN.OBJ
C:\USERS\AMILA\DOCUMENTS\GITHUB\PRJ-CG-GRATTA\DEBUG\MILKSHAPEMODEL.OBJ
C:\USERS\AMILA\DOCUMENTS\GITHUB\PRJ-CG-GRATTA\DEBUG\MODEL.OBJ
C:\USERS\AMILA\DOCUMENTS\GITHUB\PRJ-CG-GRATTA\DEBUG\MYFPSCAMERA.OBJ
C:\USERS\AMILA\DOCUMENTS\GITHUB\PRJ-CG-GRATTA\DEBUG\TERRAINMODEL.OBJ
C:\USERS\AMILA\DOCUMENTS\GITHUB\PRJ-CG-GRATTA\DEBUG\VC110.PDB
C:\USERS\AMILA\DOCUMENTS\GITHUB\PRJ-CG-GRATTA\DEBUG\BOUNDINGBOX2D.OBJ
C:\USERS\AMILA\DOCUMENTS\GITHUB\PRJ-CG-GRATTA\DEBUG\PROGETTO CG.ILK
C:\USERS\AMILA\DOCUMENTS\GITHUB\PRJ-CG-GRATTA\DEBUG\PROGETTO CG.EXE
C:\USERS\AMILA\DOCUMENTS\GITHUB\PRJ-CG-GRATTA\DEBUG\PROGETTO CG.PDB
C:\Users\amila\Documents\GitHub\prj-cg-gratta\Debug\MilkshapeModel.obj
C:\Users\amila\Documents\GitHub\prj-cg-gratta\Debug\Model.obj
C:\Users\amila\Documents\GitHub\prj-cg-gratta\Debug\progetto cg.ilk
C:\Users\amila\Documents\GitHub\prj-cg-gratta\Debug\cl.command.1.tlog
C:\Users\amila\Documents\GitHub\prj-cg-gratta\Debug\CL.read.1.tlog
C:\Users\amila\Documents\GitHub\prj-cg-gratta\Debug\CL.write.1.tlog
C:\Users\amila\Documents\GitHub\prj-cg-gratta\Debug\link-cvtres.read.1.tlog
C:\Users\amila\Documents\GitHub\prj-cg-gratta\Debug\link-cvtres.write.1.tlog
C:\Users\amila\Documents\GitHub\prj-cg-gratta\Debug\link-rc.read.1.tlog
C:\Users\amila\Documents\GitHub\prj-cg-gratta\Debug\link-rc.write.1.tlog
C:\Users\amila\Documents\GitHub\prj-cg-gratta\Debug\link.1284-cvtres.read.1.tlog
C:\Users\amila\Documents\GitHub\prj-cg-gratta\Debug\link.1284-cvtres.write.1.tlog
C:\Users\amila\Documents\GitHub\prj-cg-gratta\Debug\link.1284-rc.read.1.tlog
C:\Users\amila\Documents\GitHub\prj-cg-gratta\Debug\link.1284-rc.write.1.tlog
C:\Users\amila\Documents\GitHub\prj-cg-gratta\Debug\link.1284.read.1.tlog
C:\Users\amila\Documents\GitHub\prj-cg-gratta\Debug\link.1284.write.1.tlog
C:\Users\amila\Documents\GitHub\prj-cg-gratta\Debug\link.3448-cvtres.read.1.tlog
C:\Users\amila\Documents\GitHub\prj-cg-gratta\Debug\link.3448-cvtres.write.1.tlog
C:\Users\amila\Documents\GitHub\prj-cg-gratta\Debug\link.3448-rc.read.1.tlog
C:\Users\amila\Documents\GitHub\prj-cg-gratta\Debug\link.3448-rc.write.1.tlog
C:\Users\amila\Documents\GitHub\prj-cg-gratta\Debug\link.3448.read.1.tlog
C:\Users\amila\Documents\GitHub\prj-cg-gratta\Debug\link.3448.write.1.tlog
C:\Users\amila\Documents\GitHub\prj-cg-gratta\Debug\link.3992-cvtres.read.1.tlog
C:\Users\amila\Documents\GitHub\prj-cg-gratta\Debug\link.3992-cvtres.write.1.tlog
C:\Users\amila\Documents\GitHub\prj-cg-gratta\Debug\link.3992-rc.read.1.tlog
C:\Users\amila\Documents\GitHub\prj-cg-gratta\Debug\link.3992-rc.write.1.tlog
C:\Users\amila\Documents\GitHub\prj-cg-gratta\Debug\link.3992.read.1.tlog
C:\Users\amila\Documents\GitHub\prj-cg-gratta\Debug\link.3992.write.1.tlog
C:\Users\amila\Documents\GitHub\prj-cg-gratta\Debug\link.4216-cvtres.read.1.tlog
C:\Users\amila\Documents\GitHub\prj-cg-gratta\Debug\link.4216-cvtres.write.1.tlog
C:\Users\amila\Documents\GitHub\prj-cg-gratta\Debug\link.4216-rc.read.1.tlog
C:\Users\amila\Documents\GitHub\prj-cg-gratta\Debug\link.4216-rc.write.1.tlog
C:\Users\amila\Documents\GitHub\prj-cg-gratta\Debug\link.4216.read.1.tlog
C:\Users\amila\Documents\GitHub\prj-cg-gratta\Debug\link.4216.write.1.tlog
C:\Users\amila\Documents\GitHub\prj-cg-gratta\Debug\link.4484-cvtres.read.1.tlog
C:\Users\amila\Documents\GitHub\prj-cg-gratta\Debug\link.4484-cvtres.write.1.tlog
C:\Users\amila\Documents\GitHub\prj-cg-gratta\Debug\link.4484-rc.read.1.tlog
C:\Users\amila\Documents\GitHub\prj-cg-gratta\Debug\link.4484-rc.write.1.tlog
C:\Users\amila\Documents\GitHub\prj-cg-gratta\Debug\link.4484.read.1.tlog
C:\Users\amila\Documents\GitHub\prj-cg-gratta\Debug\link.4484.write.1.tlog
C:\Users\amila\Documents\GitHub\prj-cg-gratta\Debug\link.5684-cvtres.read.1.tlog
C:\Users\amila\Documents\GitHub\prj-cg-gratta\Debug\link.5684-cvtres.write.1.tlog
C:\Users\amila\Documents\GitHub\prj-cg-gratta\Debug\link.5684-rc.read.1.tlog
C:\Users\amila\Documents\GitHub\prj-cg-gratta\Debug\link.5684-rc.write.1.tlog
C:\Users\amila\Documents\GitHub\prj-cg-gratta\Debug\link.5684.read.1.tlog
C:\Users\amila\Documents\GitHub\prj-cg-gratta\Debug\link.5684.write.1.tlog
C:\Users\amila\Documents\GitHub\prj-cg-gratta\Debug\link.6156-cvtres.read.1.tlog
C:\Users\amila\Documents\GitHub\prj-cg-gratta\Debug\link.6156-cvtres.write.1.tlog
C:\Users\amila\Documents\GitHub\prj-cg-gratta\Debug\link.6156-rc.read.1.tlog
C:\Users\amila\Documents\GitHub\prj-cg-gratta\Debug\link.6156-rc.write.1.tlog
C:\Users\amila\Documents\GitHub\prj-cg-gratta\Debug\link.6156.read.1.tlog
C:\Users\amila\Documents\GitHub\prj-cg-gratta\Debug\link.6156.write.1.tlog
C:\Users\amila\Documents\GitHub\prj-cg-gratta\Debug\link.6520-cvtres.read.1.tlog
C:\Users\amila\Documents\GitHub\prj-cg-gratta\Debug\link.6520-cvtres.write.1.tlog
C:\Users\amila\Documents\GitHub\prj-cg-gratta\Debug\link.6520-rc.read.1.tlog
C:\Users\amila\Documents\GitHub\prj-cg-gratta\Debug\link.6520-rc.write.1.tlog
C:\Users\amila\Documents\GitHub\prj-cg-gratta\Debug\link.6520.read.1.tlog
C:\Users\amila\Documents\GitHub\prj-cg-gratta\Debug\link.6520.write.1.tlog
C:\Users\amila\Documents\GitHub\prj-cg-gratta\Debug\link.6672-cvtres.read.1.tlog
C:\Users\amila\Documents\GitHub\prj-cg-gratta\Debug\link.6672-cvtres.write.1.tlog
C:\Users\amila\Documents\GitHub\prj-cg-gratta\Debug\link.6672-rc.read.1.tlog
C:\Users\amila\Documents\GitHub\prj-cg-gratta\Debug\link.6672-rc.write.1.tlog
C:\Users\amila\Documents\GitHub\prj-cg-gratta\Debug\link.6672.read.1.tlog
C:\Users\amila\Documents\GitHub\prj-cg-gratta\Debug\link.6672.write.1.tlog
C:\Users\amila\Documents\GitHub\prj-cg-gratta\Debug\link.6792-cvtres.read.1.tlog
C:\Users\amila\Documents\GitHub\prj-cg-gratta\Debug\link.6792-cvtres.write.1.tlog
C:\Users\amila\Documents\GitHub\prj-cg-gratta\Debug\link.6792-rc.read.1.tlog
C:\Users\amila\Documents\GitHub\prj-cg-gratta\Debug\link.6792-rc.write.1.tlog
C:\Users\amila\Documents\GitHub\prj-cg-gratta\Debug\link.6792.read.1.tlog
C:\Users\amila\Documents\GitHub\prj-cg-gratta\Debug\link.6792.write.1.tlog
C:\Users\amila\Documents\GitHub\prj-cg-gratta\Debug\link.6872-cvtres.read.1.tlog
C:\Users\amila\Documents\GitHub\prj-cg-gratta\Debug\link.6872-cvtres.write.1.tlog
C:\Users\amila\Documents\GitHub\prj-cg-gratta\Debug\link.6872-rc.read.1.tlog
C:\Users\amila\Documents\GitHub\prj-cg-gratta\Debug\link.6872-rc.write.1.tlog
C:\Users\amila\Documents\GitHub\prj-cg-gratta\Debug\link.6872.read.1.tlog
C:\Users\amila\Documents\GitHub\prj-cg-gratta\Debug\link.6872.write.1.tlog
C:\Users\amila\Documents\GitHub\prj-cg-gratta\Debug\link.command.1.tlog
C:\Users\amila\Documents\GitHub\prj-cg-gratta\Debug\link.read.1.tlog
C:\Users\amila\Documents\GitHub\prj-cg-gratta\Debug\link.write.1.tlog
C:\Users\amila\Documents\GitHub\prj-cg-gratta\Debug\vc110.idb
C:\Users\amila\Documents\GitHub\prj-cg-gratta\Debug\progetto cg.pdb
C:\Users\amila\Documents\GitHub\prj-cg-gratta\Debug\vc110.pdb
C:\Users\amila\Documents\GitHub\prj-cg-gratta\.\Debug\progetto cg.exe
